<?xml version="1.0" encoding="UTF-8"?>
<!-- Generated by org.testng.reporters.JUnitReportReporter -->
<testsuite skipped="2" hostname="DESKTOP-T1UAQOT" name="browserLaunchPrg.Finance.MultipleLinkTesting" tests="3" failures="0" timestamp="18 May 2018 07:10:50 GMT" time="34.038" errors="0">
  <testcase name="staticHeaderLinks" time="34.038" classname="browserLaunchPrg.Finance.MultipleLinkTesting"/>
  <testcase name="singleLink" classname="browserLaunchPrg.Finance.MultipleLinkTesting">
    <skipped/>
  </testcase> <!-- singleLink -->
  <testcase name="multipleLinks" classname="browserLaunchPrg.Finance.MultipleLinkTesting">
    <skipped/>
  </testcase> <!-- multipleLinks -->
</testsuite> <!-- browserLaunchPrg.Finance.MultipleLinkTesting -->
