<?xml version="1.0" encoding="UTF-8"?>
<!-- Generated by org.testng.reporters.JUnitReportReporter -->
<testsuite skipped="0" hostname="DESKTOP-T1UAQOT" name="browserLaunchPrg.Finance.TC001_LoginPage" tests="1" failures="0" timestamp="16 May 2018 08:26:32 GMT" time="4.711" errors="0">
  <testcase name="customerLogin" time="4.711" classname="browserLaunchPrg.Finance.TC001_LoginPage"/>
</testsuite> <!-- browserLaunchPrg.Finance.TC001_LoginPage -->
