<?xml version="1.0" encoding="UTF-8"?>
<!-- Generated by org.testng.reporters.JUnitReportReporter -->
<testsuite skipped="0" hostname="DESKTOP-T1UAQOT" name="browserLaunchPrg.Finance.DynamicLinks" tests="1" failures="0" timestamp="18 May 2018 07:44:42 GMT" time="94.485" errors="0">
  <testcase name="dynamicLinks" time="94.485" classname="browserLaunchPrg.Finance.DynamicLinks"/>
</testsuite> <!-- browserLaunchPrg.Finance.DynamicLinks -->
